<?xml version="1.0" encoding="UTF-8"?>
<!-- Generated by org.testng.reporters.JUnitXMLReporter -->
<testsuite ignored="0" hostname="Santhosh" failures="0" tests="3" name="SubmitOrder" time="19.786" errors="0" timestamp="2025-02-24T22:57:20 IST">
  <testcase classname="Santhosh.Test.FrameWorkBuildTest" name="submitOrder" time="4.554"/>
  <testcase classname="Santhosh.Test.FrameWorkBuildTest" name="submitOrder" time="4.524"/>
  <testcase classname="Santhosh.Test.FrameWorkBuildTest" name="VerifyOrderDetails" time="0.529"/>
</testsuite> <!-- SubmitOrder -->
