<?xml version="1.0" encoding="UTF-8"?>
<testng-results ignored="0" total="4" passed="4" failed="0" skipped="0">
  <reporter-output>
  </reporter-output>
  <suite started-at="2025-02-24T22:57:01 IST" name="Suite" finished-at="2025-02-24T22:57:20 IST" duration-ms="19786">
    <groups>
      <group name="Smoke">
        <method signature="ErrorValidation.verifyLoginError()[pri:0, instance:Santhosh.Test.ErrorValidation@14f232c4]" name="verifyLoginError" class="Santhosh.Test.ErrorValidation"/>
      </group> <!-- Smoke -->
      <group name="Purchasedataprovider">
        <method signature="FrameWorkBuildTest.submitOrder(java.util.HashMap)[pri:0, instance:Santhosh.Test.FrameWorkBuildTest@21be3395]" name="submitOrder" class="Santhosh.Test.FrameWorkBuildTest"/>
      </group> <!-- Purchasedataprovider -->
    </groups>
    <test started-at="2025-02-24T22:57:01 IST" name="ErrorValidation" finished-at="2025-02-24T22:57:05 IST" duration-ms="4222">
      <class name="Santhosh.Test.ErrorValidation">
        <test-method is-config="true" signature="launch()[pri:0, instance:Santhosh.Test.ErrorValidation@14f232c4]" started-at="2025-02-24T22:57:01 IST" name="launch" finished-at="2025-02-24T22:57:04 IST" duration-ms="3473" status="PASS">
          <reporter-output>
          </reporter-output>
        </test-method> <!-- launch -->
        <test-method signature="verifyLoginError()[pri:0, instance:Santhosh.Test.ErrorValidation@14f232c4]" started-at="2025-02-24T22:57:04 IST" name="verifyLoginError" finished-at="2025-02-24T22:57:05 IST" duration-ms="598" status="PASS">
          <reporter-output>
          </reporter-output>
        </test-method> <!-- verifyLoginError -->
        <test-method is-config="true" signature="closeBrowser()[pri:0, instance:Santhosh.Test.ErrorValidation@14f232c4]" started-at="2025-02-24T22:57:05 IST" name="closeBrowser" finished-at="2025-02-24T22:57:05 IST" duration-ms="106" status="PASS">
          <reporter-output>
          </reporter-output>
        </test-method> <!-- closeBrowser -->
      </class> <!-- Santhosh.Test.ErrorValidation -->
    </test> <!-- ErrorValidation -->
    <test started-at="2025-02-24T22:57:01 IST" name="SubmitOrder" finished-at="2025-02-24T22:57:20 IST" duration-ms="19786">
      <class name="Santhosh.Test.FrameWorkBuildTest">
        <test-method is-config="true" signature="launch()[pri:0, instance:Santhosh.Test.FrameWorkBuildTest@21be3395]" started-at="2025-02-24T22:57:01 IST" name="launch" finished-at="2025-02-24T22:57:04 IST" duration-ms="3378" status="PASS">
          <reporter-output>
          </reporter-output>
        </test-method> <!-- launch -->
        <test-method signature="submitOrder(java.util.HashMap)[pri:0, instance:Santhosh.Test.FrameWorkBuildTest@21be3395]" started-at="2025-02-24T22:57:04 IST" name="submitOrder" data-provider="hasdata" finished-at="2025-02-24T22:57:09 IST" duration-ms="4554" status="PASS">
          <params>
            <param index="0">
              <value>
                <![CDATA[{password=Sanrahul324@#, product=ADIDAS ORIGINAL, Email=santhosh42@gmail.com}]]>
              </value>
            </param>
          </params>
          <reporter-output>
          </reporter-output>
        </test-method> <!-- submitOrder -->
        <test-method is-config="true" signature="closeBrowser()[pri:0, instance:Santhosh.Test.FrameWorkBuildTest@21be3395]" started-at="2025-02-24T22:57:09 IST" name="closeBrowser" finished-at="2025-02-24T22:57:09 IST" duration-ms="123" status="PASS">
          <reporter-output>
          </reporter-output>
        </test-method> <!-- closeBrowser -->
        <test-method is-config="true" signature="launch()[pri:0, instance:Santhosh.Test.FrameWorkBuildTest@21be3395]" started-at="2025-02-24T22:57:09 IST" name="launch" finished-at="2025-02-24T22:57:12 IST" duration-ms="3271" status="PASS">
          <reporter-output>
          </reporter-output>
        </test-method> <!-- launch -->
        <test-method signature="submitOrder(java.util.HashMap)[pri:0, instance:Santhosh.Test.FrameWorkBuildTest@21be3395]" started-at="2025-02-24T22:57:12 IST" name="submitOrder" data-provider="hasdata" finished-at="2025-02-24T22:57:17 IST" duration-ms="4524" status="PASS">
          <params>
            <param index="0">
              <value>
                <![CDATA[{password=Sanrahul324@#, product=IPHONE 13 PRO, Email=santhosh62@gmail.com}]]>
              </value>
            </param>
          </params>
          <reporter-output>
          </reporter-output>
        </test-method> <!-- submitOrder -->
        <test-method is-config="true" signature="closeBrowser()[pri:0, instance:Santhosh.Test.FrameWorkBuildTest@21be3395]" started-at="2025-02-24T22:57:17 IST" name="closeBrowser" finished-at="2025-02-24T22:57:17 IST" duration-ms="155" status="PASS">
          <reporter-output>
          </reporter-output>
        </test-method> <!-- closeBrowser -->
        <test-method is-config="true" signature="launch()[pri:0, instance:Santhosh.Test.FrameWorkBuildTest@21be3395]" started-at="2025-02-24T22:57:17 IST" name="launch" finished-at="2025-02-24T22:57:20 IST" duration-ms="2982" status="PASS">
          <reporter-output>
          </reporter-output>
        </test-method> <!-- launch -->
        <test-method signature="VerifyOrderDetails()[pri:0, instance:Santhosh.Test.FrameWorkBuildTest@21be3395]" started-at="2025-02-24T22:57:20 IST" name="VerifyOrderDetails" finished-at="2025-02-24T22:57:20 IST" depends-on-methods="Santhosh.Test.FrameWorkBuildTest.submitOrder" duration-ms="529" status="PASS">
          <reporter-output>
          </reporter-output>
        </test-method> <!-- VerifyOrderDetails -->
        <test-method is-config="true" signature="closeBrowser()[pri:0, instance:Santhosh.Test.FrameWorkBuildTest@21be3395]" started-at="2025-02-24T22:57:20 IST" name="closeBrowser" finished-at="2025-02-24T22:57:20 IST" duration-ms="67" status="PASS">
          <reporter-output>
          </reporter-output>
        </test-method> <!-- closeBrowser -->
      </class> <!-- Santhosh.Test.FrameWorkBuildTest -->
    </test> <!-- SubmitOrder -->
  </suite> <!-- Suite -->
</testng-results>
